<?xml version="1.0" encoding="UTF-8"?>
<!-- Generated by org.testng.reporters.JUnitReportReporter -->
<testsuite hostname="SaiPrakash-PF2EBEMK" failures="0" tests="1" name="org.enmovil.atf.testscripts.ActiveTripsTestScripts" time="6.524" errors="0" timestamp="2024-07-10T15:01:18 IST" skipped="0">
  <testcase classname="org.enmovil.atf.testscripts.ActiveTripsTestScripts" name="validateCount" time="6.524"/>
  <system-out/>
</testsuite> <!-- org.enmovil.atf.testscripts.ActiveTripsTestScripts -->
