<?xml version="1.0" encoding="UTF-8"?>
<!-- Generated by org.testng.reporters.JUnitReportReporter -->
<testsuite hostname="SaiPrakash-PF2EBEMK" failures="0" tests="1" name="org.enmovil.atf.testscripts.LoginPageTestScripts" time="12.608" errors="0" timestamp="2024-07-10T15:01:18 IST" skipped="0">
  <testcase classname="org.enmovil.atf.testscripts.LoginPageTestScripts" name="sideMenuList" time="12.608"/>
  <system-out/>
</testsuite> <!-- org.enmovil.atf.testscripts.LoginPageTestScripts -->
