<?xml version="1.0" encoding="UTF-8"?>
<!-- Generated by org.testng.reporters.JUnitReportReporter -->
<testsuite hostname="SaiPrakash-PF2EBEMK" failures="0" tests="1" name="org.enmovil.atf.testscripts.LoginPageTestScripts" time="13.242" errors="0" timestamp="2024-07-10T18:05:41 IST" skipped="0">
  <testcase classname="org.enmovil.atf.testscripts.LoginPageTestScripts" name="sideMenuList" time="13.242"/>
</testsuite> <!-- org.enmovil.atf.testscripts.LoginPageTestScripts -->
